<?xml version="1.0" encoding="UTF-8"?>
<!-- Generated by org.testng.reporters.JUnitReportReporter -->
<testsuite hostname="X17-014S-PC" failures="0" tests="1" name="com.xtremax.qabase.microservices.ApiTest" time="1.957" errors="0" timestamp="23 Oct 2018 04:29:54 GMT">
  <testcase classname="com.xtremax.qabase.microservices.ApiTest" name="getUserData" time="1.957"/>
</testsuite> <!-- com.xtremax.qabase.microservices.ApiTest -->
