<?xml version="1.0" encoding="UTF-8"?>
<!-- Generated by org.testng.reporters.JUnitReportReporter -->
<testsuite hostname="X17-014S-PC" failures="0" tests="1" name="com.xtremax.qabase.microservices.AppTest" time="0.001" errors="0" timestamp="23 Oct 2018 04:29:54 GMT">
  <testcase classname="com.xtremax.qabase.microservices.AppTest" name="testApp" time="0.001"/>
</testsuite> <!-- com.xtremax.qabase.microservices.AppTest -->
