<?xml version="1.0" encoding="UTF-8"?>
<!-- Generated by org.testng.reporters.JUnitReportReporter -->
<testsuite hostname="X17-014S-PC" failures="0" tests="3" name="com.xtremax.qabase.microservices.ApiTest" time="3.374" errors="0" timestamp="24 Oct 2018 15:04:03 GMT">
  <testcase classname="com.xtremax.qabase.microservices.ApiTest" name="getAllUserData" time="0.987"/>
  <testcase classname="com.xtremax.qabase.microservices.ApiTest" name="createNewUser" time="1.757"/>
  <testcase classname="com.xtremax.qabase.microservices.ApiTest" name="getUserDataById" time="0.630"/>
</testsuite> <!-- com.xtremax.qabase.microservices.ApiTest -->
